0 verbose cli /usr/local/bin/node /usr/local/bin/npm
1 info using npm@8.19.4
2 info using node@v16.20.1
3 timing npm:load:whichnode Completed in 0ms
4 timing config:load:defaults Completed in 1ms
5 timing config:load:file:/usr/local/lib/node_modules/npm/npmrc Completed in 1ms
6 timing config:load:builtin Completed in 1ms
7 warn config production Use `--omit=dev` instead.
8 timing config:load:cli Completed in 2ms
9 timing config:load:env Completed in 1ms
10 timing config:load:file:/data/.npmrc Completed in 0ms
11 timing config:load:project Completed in 2ms
12 timing config:load:file:/root/.npmrc Completed in 0ms
13 timing config:load:user Completed in 1ms
14 timing config:load:file:/usr/local/etc/npmrc Completed in 5ms
15 timing config:load:global Completed in 5ms
16 timing config:load:validate Completed in 1ms
17 timing config:load:credentials Completed in 1ms
18 timing config:load:setEnvs Completed in 1ms
19 timing config:load Completed in 17ms
20 timing npm:load:configload Completed in 17ms
21 timing npm:load:mkdirpcache Completed in 2ms
22 timing npm:load:mkdirplogs Completed in 0ms
23 verbose title npm install @prescient-devices/node-red-contrib-promptinput@1.0.7
24 verbose argv "install" "--no-audit" "--no-update-notifier" "--no-fund" "--save" "--save-prefix" "~" "--production" "--engine-strict" "@prescient-devices/node-red-contrib-promptinput@1.0.7"
25 timing npm:load:setTitle Completed in 1ms
26 timing config:load:flatten Completed in 2ms
27 timing npm:load:display Completed in 5ms
28 verbose logfile logs-max:10 dir:/data/.npm/_logs
29 verbose logfile /data/.npm/_logs/2023-08-28T23_17_50_975Z-debug-0.log
30 timing npm:load:logFile Completed in 7ms
31 timing npm:load:timers Completed in 0ms
32 timing npm:load:configScope Completed in 1ms
33 timing npm:load Completed in 34ms
34 timing arborist:ctor Completed in 0ms
35 silly logfile start cleaning logs, removing 1 files
36 silly logfile done cleaning log files
37 timing idealTree:init Completed in 334ms
38 timing idealTree:userRequests Completed in 3ms
39 silly idealTree buildDeps
40 silly fetch manifest @prescient-devices/node-red-contrib-promptinput@1.0.7
41 timing arborist:ctor Completed in 0ms
42 http fetch GET 200 https://registry.npmjs.org/@prescient-devices%2fnode-red-contrib-promptinput 2201ms (cache miss)
43 silly placeDep ROOT @prescient-devices/node-red-contrib-promptinput@1.0.7 OK for: node-red-project@0.0.1 want: 1.0.7
44 timing idealTree:#root Completed in 2210ms
45 timing idealTree:node_modules/@prescient-devices/node-red-contrib-promptinput Completed in 0ms
46 timing idealTree:buildDeps Completed in 2211ms
47 timing idealTree:fixDepFlags Completed in 5ms
48 timing idealTree Completed in 2559ms
49 timing reify:loadTrees Completed in 2561ms
50 timing reify:diffTrees Completed in 6ms
51 silly reify moves {}
52 timing reify:retireShallow Completed in 0ms
53 timing reify:createSparse Completed in 2ms
54 timing reify:trashOmits Completed in 1ms
55 timing reify:loadBundles Completed in 0ms
56 verbose reify failed optional dependency /data/node_modules/fsevents
57 silly reify mark deleted [ '/data/node_modules/fsevents' ]
58 timing reifyNode:node_modules/fsevents Completed in 3ms
59 silly tarball no local data for @prescient-devices/node-red-contrib-promptinput@https://registry.npmjs.org/@prescient-devices/node-red-contrib-promptinput/-/node-red-contrib-promptinput-1.0.7.tgz. Extracting by manifest.
60 http fetch GET 200 https://registry.npmjs.org/@prescient-devices/node-red-contrib-promptinput/-/node-red-contrib-promptinput-1.0.7.tgz 1918ms (cache miss)
61 timing reifyNode:node_modules/@prescient-devices/node-red-contrib-promptinput Completed in 1924ms
62 timing reify:unpack Completed in 1924ms
63 timing reify:unretire Completed in 1ms
64 timing build:queue Completed in 1ms
65 timing build:deps Completed in 1ms
66 timing build Completed in 1ms
67 timing reify:build Completed in 1ms
68 timing reify:trash Completed in 2ms
69 timing reify:save Completed in 92ms
70 timing reify Completed in 4642ms
71 silly ADD node_modules/@prescient-devices/node-red-contrib-promptinput
72 silly ADD
73 timing command:install Completed in 4646ms
74 verbose exit 0
75 timing npm Completed in 4751ms
76 info ok
