0 verbose cli /usr/local/bin/node /usr/local/bin/npm
1 info using npm@8.19.4
2 info using node@v16.20.1
3 timing npm:load:whichnode Completed in 0ms
4 timing config:load:defaults Completed in 1ms
5 timing config:load:file:/usr/local/lib/node_modules/npm/npmrc Completed in 1ms
6 timing config:load:builtin Completed in 1ms
7 warn config production Use `--omit=dev` instead.
8 timing config:load:cli Completed in 2ms
9 timing config:load:env Completed in 1ms
10 timing config:load:file:/data/.npmrc Completed in 0ms
11 timing config:load:project Completed in 2ms
12 timing config:load:file:/root/.npmrc Completed in 0ms
13 timing config:load:user Completed in 0ms
14 timing config:load:file:/usr/local/etc/npmrc Completed in 3ms
15 timing config:load:global Completed in 3ms
16 timing config:load:validate Completed in 0ms
17 timing config:load:credentials Completed in 1ms
18 timing config:load:setEnvs Completed in 1ms
19 timing config:load Completed in 12ms
20 timing npm:load:configload Completed in 13ms
21 timing npm:load:mkdirpcache Completed in 4ms
22 timing npm:load:mkdirplogs Completed in 1ms
23 verbose title npm install node-red-contrib-os@0.2.1
24 verbose argv "install" "--no-audit" "--no-update-notifier" "--no-fund" "--save" "--save-prefix" "~" "--production" "--engine-strict" "node-red-contrib-os@0.2.1"
25 timing npm:load:setTitle Completed in 1ms
26 timing config:load:flatten Completed in 3ms
27 timing npm:load:display Completed in 5ms
28 verbose logfile logs-max:10 dir:/data/.npm/_logs
29 verbose logfile /data/.npm/_logs/2023-08-28T23_14_19_724Z-debug-0.log
30 timing npm:load:logFile Completed in 5ms
31 timing npm:load:timers Completed in 0ms
32 timing npm:load:configScope Completed in 0ms
33 timing npm:load Completed in 30ms
34 timing arborist:ctor Completed in 1ms
35 silly logfile done cleaning log files
36 timing idealTree:init Completed in 263ms
37 timing idealTree:userRequests Completed in 1ms
38 silly idealTree buildDeps
39 silly fetch manifest node-red-contrib-os@0.2.1
40 timing arborist:ctor Completed in 0ms
41 http fetch GET 200 https://registry.npmjs.org/node-red-contrib-os 1263ms (cache miss)
42 silly placeDep ROOT node-red-contrib-os@0.2.1 OK for: node-red-project@0.0.1 want: 0.2.1
43 silly fetch manifest node-disk-info@^1.3.0
44 silly fetch manifest loadavg-windows@^1.1.1
45 http fetch GET 200 https://registry.npmjs.org/node-disk-info 1048ms (cache miss)
46 http fetch GET 200 https://registry.npmjs.org/loadavg-windows 1055ms (cache miss)
47 timing idealTree:#root Completed in 2326ms
48 silly placeDep ROOT loadavg-windows@1.1.1 OK for: node-red-contrib-os@0.2.1 want: ^1.1.1
49 silly placeDep ROOT node-disk-info@1.3.0 OK for: node-red-contrib-os@0.2.1 want: ^1.3.0
50 silly fetch manifest weak-daemon@1.0.3
51 silly fetch manifest iconv-lite@^0.6.2
52 http fetch GET 200 https://registry.npmjs.org/iconv-lite 76ms (cache miss)
53 http fetch GET 200 https://registry.npmjs.org/weak-daemon 931ms (cache miss)
54 timing idealTree:node_modules/node-red-contrib-os Completed in 937ms
55 silly placeDep ROOT weak-daemon@1.0.3 OK for: loadavg-windows@1.1.1 want: 1.0.3
56 timing idealTree:node_modules/loadavg-windows Completed in 1ms
57 silly placeDep ROOT iconv-lite@0.6.3 OK for: node-disk-info@1.3.0 want: ^0.6.2
58 timing idealTree:node_modules/node-disk-info Completed in 1ms
59 timing idealTree:node_modules/iconv-lite Completed in 0ms
60 timing idealTree:node_modules/weak-daemon Completed in 0ms
61 timing idealTree:buildDeps Completed in 3268ms
62 timing idealTree:fixDepFlags Completed in 9ms
63 timing idealTree Completed in 3547ms
64 timing reify:loadTrees Completed in 3548ms
65 timing reify:diffTrees Completed in 6ms
66 silly reify moves {}
67 timing reify:retireShallow Completed in 1ms
68 timing reify:createSparse Completed in 5ms
69 timing reify:trashOmits Completed in 1ms
70 timing reify:loadBundles Completed in 0ms
71 verbose reify failed optional dependency /data/node_modules/fsevents
72 silly reify mark deleted [ '/data/node_modules/fsevents' ]
73 timing reifyNode:node_modules/fsevents Completed in 3ms
74 silly tarball no local data for iconv-lite@https://registry.npmjs.org/iconv-lite/-/iconv-lite-0.6.3.tgz. Extracting by manifest.
75 silly tarball no local data for weak-daemon@https://registry.npmjs.org/weak-daemon/-/weak-daemon-1.0.3.tgz. Extracting by manifest.
76 silly tarball no local data for loadavg-windows@https://registry.npmjs.org/loadavg-windows/-/loadavg-windows-1.1.1.tgz. Extracting by manifest.
77 silly tarball no local data for node-disk-info@https://registry.npmjs.org/node-disk-info/-/node-disk-info-1.3.0.tgz. Extracting by manifest.
78 silly tarball no local data for node-red-contrib-os@https://registry.npmjs.org/node-red-contrib-os/-/node-red-contrib-os-0.2.1.tgz. Extracting by manifest.
79 http fetch GET 200 https://registry.npmjs.org/iconv-lite/-/iconv-lite-0.6.3.tgz 116ms (cache miss)
80 timing reifyNode:node_modules/iconv-lite Completed in 123ms
81 http fetch GET 200 https://registry.npmjs.org/loadavg-windows/-/loadavg-windows-1.1.1.tgz 191ms (cache miss)
82 timing reifyNode:node_modules/loadavg-windows Completed in 199ms
83 http fetch GET 200 https://registry.npmjs.org/weak-daemon/-/weak-daemon-1.0.3.tgz 1002ms (cache miss)
84 timing reifyNode:node_modules/weak-daemon Completed in 1010ms
85 http fetch GET 200 https://registry.npmjs.org/node-red-contrib-os/-/node-red-contrib-os-0.2.1.tgz 1048ms (cache miss)
86 timing reifyNode:node_modules/node-red-contrib-os Completed in 1057ms
87 http fetch GET 200 https://registry.npmjs.org/node-disk-info/-/node-disk-info-1.3.0.tgz 1304ms (cache miss)
88 timing reifyNode:node_modules/node-disk-info Completed in 1313ms
89 timing reify:unpack Completed in 1314ms
90 timing reify:unretire Completed in 0ms
91 timing build:queue Completed in 1ms
92 timing build:deps Completed in 1ms
93 timing build Completed in 1ms
94 timing reify:build Completed in 2ms
95 timing reify:trash Completed in 2ms
96 timing reify:save Completed in 73ms
97 timing reify Completed in 4993ms
98 silly ADD node_modules/iconv-lite
99 silly ADD node_modules/weak-daemon
100 silly ADD node_modules/node-disk-info
101 silly ADD node_modules/loadavg-windows
102 silly ADD node_modules/node-red-contrib-os
103 silly ADD
104 timing command:install Completed in 4997ms
105 verbose exit 0
106 timing npm Completed in 5110ms
107 info ok
