0 verbose cli /usr/local/bin/node /usr/local/bin/npm
1 info using npm@8.19.4
2 info using node@v16.20.1
3 timing npm:load:whichnode Completed in 0ms
4 timing config:load:defaults Completed in 1ms
5 timing config:load:file:/usr/local/lib/node_modules/npm/npmrc Completed in 1ms
6 timing config:load:builtin Completed in 1ms
7 warn config production Use `--omit=dev` instead.
8 timing config:load:cli Completed in 2ms
9 timing config:load:env Completed in 0ms
10 timing config:load:file:/data/.npmrc Completed in 1ms
11 timing config:load:project Completed in 4ms
12 timing config:load:file:/root/.npmrc Completed in 1ms
13 timing config:load:user Completed in 1ms
14 timing config:load:file:/usr/local/etc/npmrc Completed in 3ms
15 timing config:load:global Completed in 3ms
16 timing config:load:validate Completed in 1ms
17 timing config:load:credentials Completed in 0ms
18 timing config:load:setEnvs Completed in 1ms
19 timing config:load Completed in 14ms
20 timing npm:load:configload Completed in 14ms
21 timing npm:load:mkdirpcache Completed in 1ms
22 timing npm:load:mkdirplogs Completed in 1ms
23 verbose title npm install node-red-dashboard@3.5.0
24 verbose argv "install" "--no-audit" "--no-update-notifier" "--no-fund" "--save" "--save-prefix" "~" "--production" "--engine-strict" "node-red-dashboard@3.5.0"
25 timing npm:load:setTitle Completed in 1ms
26 timing config:load:flatten Completed in 3ms
27 timing npm:load:display Completed in 5ms
28 verbose logfile logs-max:10 dir:/data/.npm/_logs
29 verbose logfile /data/.npm/_logs/2023-08-28T23_14_36_317Z-debug-0.log
30 timing npm:load:logFile Completed in 8ms
31 timing npm:load:timers Completed in 0ms
32 timing npm:load:configScope Completed in 0ms
33 timing npm:load Completed in 31ms
34 timing arborist:ctor Completed in 1ms
35 silly logfile start cleaning logs, removing 1 files
36 silly logfile done cleaning log files
37 timing idealTree:init Completed in 236ms
38 timing idealTree:userRequests Completed in 1ms
39 silly idealTree buildDeps
40 silly fetch manifest node-red-dashboard@3.5.0
41 timing arborist:ctor Completed in 0ms
42 http fetch GET 200 https://registry.npmjs.org/node-red-dashboard 1271ms (cache miss)
43 silly placeDep ROOT node-red-dashboard@3.5.0 OK for: node-red-project@0.0.1 want: 3.5.0
44 silly fetch manifest compression@^1.7.4
45 silly fetch manifest gridstack@^0.6.4
46 silly fetch manifest serve-static@^1.15.0
47 silly fetch manifest socket.io@^4.5.4
48 http fetch GET 200 https://registry.npmjs.org/compression 73ms (cache miss)
49 http fetch GET 200 https://registry.npmjs.org/serve-static 178ms (cache miss)
50 http fetch GET 200 https://registry.npmjs.org/socket.io 195ms (cache miss)
51 http fetch GET 200 https://registry.npmjs.org/gridstack 1131ms (cache miss)
52 timing idealTree:#root Completed in 2425ms
53 silly placeDep ROOT compression@1.7.4 OK for: node-red-dashboard@3.5.0 want: ^1.7.4
54 silly placeDep ROOT gridstack@0.6.4 OK for: node-red-dashboard@3.5.0 want: ^0.6.4
55 silly placeDep ROOT serve-static@1.15.0 OK for: node-red-dashboard@3.5.0 want: ^1.15.0
56 silly placeDep ROOT socket.io@4.7.2 OK for: node-red-dashboard@3.5.0 want: ^4.5.4
57 silly fetch manifest accepts@~1.3.5
58 silly fetch manifest bytes@3.0.0
59 silly fetch manifest compressible@~2.0.16
60 silly fetch manifest debug@2.6.9
61 silly fetch manifest on-headers@~1.0.2
62 silly fetch manifest safe-buffer@5.1.2
63 silly fetch manifest vary@~1.1.2
64 silly fetch manifest jquery@^1.8 || 2 || 3
65 silly fetch manifest encodeurl@~1.0.2
66 silly fetch manifest escape-html@~1.0.3
67 silly fetch manifest parseurl@~1.3.3
68 silly fetch manifest send@0.18.0
69 silly fetch manifest accepts@~1.3.4
70 silly fetch manifest base64id@~2.0.0
71 silly fetch manifest cors@~2.8.5
72 silly fetch manifest engine.io@~6.5.2
73 silly fetch manifest socket.io-adapter@~2.5.2
74 silly fetch manifest socket.io-parser@~4.2.4
75 http fetch GET 200 https://registry.npmjs.org/debug 75ms (cache hit)
76 http fetch GET 200 https://registry.npmjs.org/safe-buffer 79ms (cache hit)
77 http fetch GET 200 https://registry.npmjs.org/bytes 92ms (cache miss)
78 http fetch GET 200 https://registry.npmjs.org/accepts 96ms (cache miss)
79 http fetch GET 200 https://registry.npmjs.org/on-headers 107ms (cache miss)
80 http fetch GET 200 https://registry.npmjs.org/socket.io-parser 156ms (cache miss)
81 http fetch GET 200 https://registry.npmjs.org/parseurl 182ms (cache miss)
82 http fetch GET 200 https://registry.npmjs.org/escape-html 216ms (cache miss)
83 http fetch GET 200 https://registry.npmjs.org/encodeurl 216ms (cache miss)
84 http fetch GET 200 https://registry.npmjs.org/vary 219ms (cache miss)
85 http fetch GET 200 https://registry.npmjs.org/cors 229ms (cache miss)
86 http fetch GET 200 https://registry.npmjs.org/accepts 239ms (cache miss)
87 http fetch GET 200 https://registry.npmjs.org/socket.io-adapter 239ms (cache miss)
88 http fetch GET 200 https://registry.npmjs.org/base64id 241ms (cache miss)
89 http fetch GET 200 https://registry.npmjs.org/send 246ms (cache miss)
90 http fetch GET 200 https://registry.npmjs.org/engine.io 247ms (cache miss)
91 http fetch GET 200 https://registry.npmjs.org/compressible 939ms (cache miss)
92 http fetch GET 200 https://registry.npmjs.org/jquery 1202ms (cache miss)
93 timing idealTree:node_modules/node-red-dashboard Completed in 1221ms
94 silly placeDep ROOT accepts@1.3.8 OK for: compression@1.7.4 want: ~1.3.5
95 silly placeDep ROOT bytes@3.0.0 OK for: compression@1.7.4 want: 3.0.0
96 silly placeDep ROOT compressible@2.0.18 OK for: compression@1.7.4 want: ~2.0.16
97 silly placeDep node_modules/compression debug@2.6.9 OK for: compression@1.7.4 want: 2.6.9
98 silly placeDep ROOT on-headers@1.0.2 OK for: compression@1.7.4 want: ~1.0.2
99 silly placeDep node_modules/compression safe-buffer@5.1.2 OK for: compression@1.7.4 want: 5.1.2
100 silly placeDep ROOT vary@1.1.2 OK for: compression@1.7.4 want: ~1.1.2
101 silly fetch manifest mime-types@~2.1.34
102 silly fetch manifest negotiator@0.6.3
103 silly fetch manifest mime-db@>= 1.43.0 < 2
104 silly fetch manifest ms@2.0.0
105 http fetch GET 200 https://registry.npmjs.org/ms 9ms (cache hit)
106 http fetch GET 200 https://registry.npmjs.org/mime-types 79ms (cache miss)
107 http fetch GET 200 https://registry.npmjs.org/mime-db 80ms (cache miss)
108 http fetch GET 200 https://registry.npmjs.org/negotiator 109ms (cache miss)
109 timing idealTree:node_modules/compression Completed in 119ms
110 silly placeDep ROOT mime-types@2.1.35 OK for: accepts@1.3.8 want: ~2.1.34
111 silly placeDep ROOT negotiator@0.6.3 OK for: accepts@1.3.8 want: 0.6.3
112 silly fetch manifest mime-db@1.52.0
113 timing idealTree:node_modules/accepts Completed in 4ms
114 timing idealTree:node_modules/bytes Completed in 0ms
115 silly placeDep ROOT mime-db@1.52.0 OK for: compressible@2.0.18 want: >= 1.43.0 < 2
116 timing idealTree:node_modules/compressible Completed in 1ms
117 silly placeDep ROOT jquery@3.7.1 OK for: gridstack@0.6.4 want: ^1.8 || 2 || 3
118 timing idealTree:node_modules/gridstack Completed in 0ms
119 timing idealTree:node_modules/jquery Completed in 0ms
120 timing idealTree:node_modules/mime-db Completed in 0ms
121 timing idealTree:node_modules/mime-types Completed in 0ms
122 timing idealTree:node_modules/negotiator Completed in 0ms
123 timing idealTree:node_modules/on-headers Completed in 0ms
124 silly placeDep ROOT encodeurl@1.0.2 OK for: serve-static@1.15.0 want: ~1.0.2
125 silly placeDep ROOT escape-html@1.0.3 OK for: serve-static@1.15.0 want: ~1.0.3
126 silly placeDep ROOT parseurl@1.3.3 OK for: serve-static@1.15.0 want: ~1.3.3
127 silly placeDep ROOT send@0.18.0 OK for: serve-static@1.15.0 want: 0.18.0
128 silly fetch manifest depd@2.0.0
129 silly fetch manifest destroy@1.2.0
130 silly fetch manifest etag@~1.8.1
131 silly fetch manifest fresh@0.5.2
132 silly fetch manifest http-errors@2.0.0
133 silly fetch manifest mime@1.6.0
134 silly fetch manifest ms@2.1.3
135 silly fetch manifest on-finished@2.4.1
136 silly fetch manifest range-parser@~1.2.1
137 silly fetch manifest statuses@2.0.1
138 http fetch GET 200 https://registry.npmjs.org/etag 68ms (cache miss)
139 http fetch GET 200 https://registry.npmjs.org/on-finished 111ms (cache miss)
140 http fetch GET 200 https://registry.npmjs.org/destroy 115ms (cache miss)
141 http fetch GET 200 https://registry.npmjs.org/depd 117ms (cache miss)
142 http fetch GET 200 https://registry.npmjs.org/http-errors 117ms (cache miss)
143 http fetch GET 200 https://registry.npmjs.org/fresh 117ms (cache miss)
144 http fetch GET 200 https://registry.npmjs.org/statuses 116ms (cache miss)
145 http fetch GET 200 https://registry.npmjs.org/range-parser 116ms (cache miss)
146 http fetch GET 200 https://registry.npmjs.org/mime 119ms (cache miss)
147 timing idealTree:node_modules/serve-static Completed in 127ms
148 timing idealTree:node_modules/encodeurl Completed in 0ms
149 timing idealTree:node_modules/escape-html Completed in 0ms
150 timing idealTree:node_modules/parseurl Completed in 0ms
151 silly placeDep node_modules/send debug@2.6.9 OK for: send@0.18.0 want: 2.6.9
152 silly placeDep ROOT depd@2.0.0 OK for: send@0.18.0 want: 2.0.0
153 silly placeDep ROOT destroy@1.2.0 OK for: send@0.18.0 want: 1.2.0
154 silly placeDep ROOT etag@1.8.1 OK for: send@0.18.0 want: ~1.8.1
155 silly placeDep ROOT fresh@0.5.2 OK for: send@0.18.0 want: 0.5.2
156 silly placeDep ROOT http-errors@2.0.0 OK for: send@0.18.0 want: 2.0.0
157 silly placeDep ROOT mime@1.6.0 OK for: send@0.18.0 want: 1.6.0
158 silly placeDep node_modules/send ms@2.1.3 OK for: send@0.18.0 want: 2.1.3
159 silly placeDep ROOT on-finished@2.4.1 OK for: send@0.18.0 want: 2.4.1
160 silly placeDep ROOT range-parser@1.2.1 OK for: send@0.18.0 want: ~1.2.1
161 silly placeDep ROOT statuses@2.0.1 OK for: send@0.18.0 want: 2.0.1
162 silly fetch manifest setprototypeof@1.2.0
163 silly fetch manifest toidentifier@1.0.1
164 silly fetch manifest ee-first@1.1.1
165 http fetch GET 200 https://registry.npmjs.org/toidentifier 67ms (cache miss)
166 http fetch GET 200 https://registry.npmjs.org/setprototypeof 75ms (cache miss)
167 http fetch GET 200 https://registry.npmjs.org/ee-first 85ms (cache miss)
168 timing idealTree:node_modules/send Completed in 97ms
169 timing idealTree:node_modules/depd Completed in 0ms
170 timing idealTree:node_modules/destroy Completed in 0ms
171 timing idealTree:node_modules/etag Completed in 0ms
172 timing idealTree:node_modules/fresh Completed in 0ms
173 silly placeDep ROOT setprototypeof@1.2.0 OK for: http-errors@2.0.0 want: 1.2.0
174 silly placeDep ROOT toidentifier@1.0.1 OK for: http-errors@2.0.0 want: 1.0.1
175 timing idealTree:node_modules/http-errors Completed in 2ms
176 timing idealTree:node_modules/mime Completed in 0ms
177 silly placeDep ROOT ee-first@1.1.1 OK for: on-finished@2.4.1 want: 1.1.1
178 timing idealTree:node_modules/on-finished Completed in 1ms
179 timing idealTree:node_modules/ee-first Completed in 0ms
180 timing idealTree:node_modules/range-parser Completed in 0ms
181 timing idealTree:node_modules/setprototypeof Completed in 0ms
182 silly placeDep ROOT base64id@2.0.0 OK for: socket.io@4.7.2 want: ~2.0.0
183 silly placeDep ROOT cors@2.8.5 OK for: socket.io@4.7.2 want: ~2.8.5
184 silly placeDep ROOT engine.io@6.5.2 OK for: socket.io@4.7.2 want: ~6.5.2
185 silly placeDep ROOT socket.io-adapter@2.5.2 OK for: socket.io@4.7.2 want: ~2.5.2
186 silly placeDep ROOT socket.io-parser@4.2.4 OK for: socket.io@4.7.2 want: ~4.2.4
187 silly fetch manifest object-assign@^4
188 silly fetch manifest @types/cookie@^0.4.1
189 silly fetch manifest @types/cors@^2.8.12
190 silly fetch manifest cookie@~0.4.1
191 silly fetch manifest engine.io-parser@~5.2.1
192 silly fetch manifest ws@~8.11.0
193 silly fetch manifest @socket.io/component-emitter@~3.1.0
194 http fetch GET 200 https://registry.npmjs.org/ws 9ms (cache hit)
195 http fetch GET 200 https://registry.npmjs.org/object-assign 69ms (cache miss)
196 http fetch GET 200 https://registry.npmjs.org/engine.io-parser 82ms (cache miss)
197 http fetch GET 200 https://registry.npmjs.org/cookie 92ms (cache miss)
198 http fetch GET 200 https://registry.npmjs.org/@types%2fcors 132ms (cache miss)
199 http fetch GET 200 https://registry.npmjs.org/@types%2fcookie 169ms (cache miss)
200 http fetch GET 200 https://registry.npmjs.org/@socket.io%2fcomponent-emitter 376ms (cache miss)
201 timing idealTree:node_modules/socket.io Completed in 385ms
202 timing idealTree:node_modules/base64id Completed in 0ms
203 silly placeDep ROOT object-assign@4.1.1 OK for: cors@2.8.5 want: ^4
204 timing idealTree:node_modules/cors Completed in 1ms
205 silly fetch manifest bufferutil@^4.0.1
206 http fetch GET 200 https://registry.npmjs.org/bufferutil 75ms (cache miss)
207 silly fetch manifest utf-8-validate@^5.0.2
208 http fetch GET 200 https://registry.npmjs.org/utf-8-validate 68ms (cache miss)
209 silly placeDep ROOT @types/cookie@0.4.1 OK for: engine.io@6.5.2 want: ^0.4.1
210 silly placeDep ROOT @types/cors@2.8.13 OK for: engine.io@6.5.2 want: ^2.8.12
211 silly placeDep ROOT cookie@0.4.2 OK for: engine.io@6.5.2 want: ~0.4.1
212 silly placeDep ROOT engine.io-parser@5.2.1 OK for: engine.io@6.5.2 want: ~5.2.1
213 silly placeDep node_modules/engine.io ws@8.11.0 OK for: engine.io@6.5.2 want: ~8.11.0
214 timing idealTree:node_modules/engine.io Completed in 164ms
215 timing idealTree:node_modules/@types/cookie Completed in 0ms
216 timing idealTree:node_modules/@types/cors Completed in 0ms
217 timing idealTree:node_modules/cookie Completed in 0ms
218 timing idealTree:node_modules/engine.io-parser Completed in 0ms
219 timing idealTree:node_modules/object-assign Completed in 0ms
220 silly placeDep node_modules/socket.io-adapter ws@8.11.0 OK for: socket.io-adapter@2.5.2 want: ~8.11.0
221 timing idealTree:node_modules/socket.io-adapter Completed in 2ms
222 silly placeDep ROOT @socket.io/component-emitter@3.1.0 OK for: socket.io-parser@4.2.4 want: ~3.1.0
223 timing idealTree:node_modules/socket.io-parser Completed in 2ms
224 timing idealTree:node_modules/@socket.io/component-emitter Completed in 0ms
225 timing idealTree:node_modules/statuses Completed in 0ms
226 timing idealTree:node_modules/toidentifier Completed in 0ms
227 timing idealTree:node_modules/vary Completed in 0ms
228 silly placeDep node_modules/compression ms@2.0.0 OK for: debug@2.6.9 want: 2.0.0
229 timing idealTree:node_modules/compression/node_modules/debug Completed in 5ms
230 timing idealTree:node_modules/compression/node_modules/ms Completed in 0ms
231 timing idealTree:node_modules/compression/node_modules/safe-buffer Completed in 0ms
232 timing idealTree:node_modules/engine.io/node_modules/ws Completed in 0ms
233 silly placeDep node_modules/send/node_modules/debug ms@2.0.0 OK for: debug@2.6.9 want: 2.0.0
234 timing idealTree:node_modules/send/node_modules/debug Completed in 1ms
235 timing idealTree:node_modules/send/node_modules/ms Completed in 0ms
236 timing idealTree:node_modules/socket.io-adapter/node_modules/ws Completed in 0ms
237 timing idealTree:node_modules/send/node_modules/debug/node_modules/ms Completed in 0ms
238 timing idealTree:buildDeps Completed in 4563ms
239 timing idealTree:fixDepFlags Completed in 11ms
240 timing idealTree Completed in 4825ms
241 timing reify:loadTrees Completed in 4827ms
242 timing reify:diffTrees Completed in 8ms
243 silly reify moves {}
244 timing reify:retireShallow Completed in 5ms
245 timing reify:createSparse Completed in 26ms
246 timing reify:trashOmits Completed in 1ms
247 timing reify:loadBundles Completed in 0ms
248 verbose reify failed optional dependency /data/node_modules/fsevents
249 silly reify mark deleted [ '/data/node_modules/fsevents' ]
250 timing reifyNode:node_modules/fsevents Completed in 10ms
251 silly tarball no local data for @socket.io/component-emitter@https://registry.npmjs.org/@socket.io/component-emitter/-/component-emitter-3.1.0.tgz. Extracting by manifest.
252 silly tarball no local data for engine.io-parser@https://registry.npmjs.org/engine.io-parser/-/engine.io-parser-5.2.1.tgz. Extracting by manifest.
253 silly tarball no local data for cookie@https://registry.npmjs.org/cookie/-/cookie-0.4.2.tgz. Extracting by manifest.
254 silly tarball no local data for @types/cors@https://registry.npmjs.org/@types/cors/-/cors-2.8.13.tgz. Extracting by manifest.
255 silly tarball no local data for @types/cookie@https://registry.npmjs.org/@types/cookie/-/cookie-0.4.1.tgz. Extracting by manifest.
256 silly tarball no local data for object-assign@https://registry.npmjs.org/object-assign/-/object-assign-4.1.1.tgz. Extracting by manifest.
257 silly tarball no local data for socket.io-parser@https://registry.npmjs.org/socket.io-parser/-/socket.io-parser-4.2.4.tgz. Extracting by manifest.
258 silly tarball no local data for socket.io-adapter@https://registry.npmjs.org/socket.io-adapter/-/socket.io-adapter-2.5.2.tgz. Extracting by manifest.
259 silly tarball no local data for cors@https://registry.npmjs.org/cors/-/cors-2.8.5.tgz. Extracting by manifest.
260 silly tarball no local data for engine.io@https://registry.npmjs.org/engine.io/-/engine.io-6.5.2.tgz. Extracting by manifest.
261 silly tarball no local data for base64id@https://registry.npmjs.org/base64id/-/base64id-2.0.0.tgz. Extracting by manifest.
262 silly tarball no local data for ee-first@https://registry.npmjs.org/ee-first/-/ee-first-1.1.1.tgz. Extracting by manifest.
263 silly tarball no local data for toidentifier@https://registry.npmjs.org/toidentifier/-/toidentifier-1.0.1.tgz. Extracting by manifest.
264 silly tarball no local data for setprototypeof@https://registry.npmjs.org/setprototypeof/-/setprototypeof-1.2.0.tgz. Extracting by manifest.
265 silly tarball no local data for statuses@https://registry.npmjs.org/statuses/-/statuses-2.0.1.tgz. Extracting by manifest.
266 silly tarball no local data for range-parser@https://registry.npmjs.org/range-parser/-/range-parser-1.2.1.tgz. Extracting by manifest.
267 silly tarball no local data for on-finished@https://registry.npmjs.org/on-finished/-/on-finished-2.4.1.tgz. Extracting by manifest.
268 silly tarball no local data for mime@https://registry.npmjs.org/mime/-/mime-1.6.0.tgz. Extracting by manifest.
269 silly tarball no local data for http-errors@https://registry.npmjs.org/http-errors/-/http-errors-2.0.0.tgz. Extracting by manifest.
270 silly tarball no local data for fresh@https://registry.npmjs.org/fresh/-/fresh-0.5.2.tgz. Extracting by manifest.
271 silly tarball no local data for etag@https://registry.npmjs.org/etag/-/etag-1.8.1.tgz. Extracting by manifest.
272 silly tarball no local data for destroy@https://registry.npmjs.org/destroy/-/destroy-1.2.0.tgz. Extracting by manifest.
273 silly tarball no local data for depd@https://registry.npmjs.org/depd/-/depd-2.0.0.tgz. Extracting by manifest.
274 silly tarball no local data for send@https://registry.npmjs.org/send/-/send-0.18.0.tgz. Extracting by manifest.
275 silly tarball no local data for parseurl@https://registry.npmjs.org/parseurl/-/parseurl-1.3.3.tgz. Extracting by manifest.
276 silly tarball no local data for escape-html@https://registry.npmjs.org/escape-html/-/escape-html-1.0.3.tgz. Extracting by manifest.
277 silly tarball no local data for encodeurl@https://registry.npmjs.org/encodeurl/-/encodeurl-1.0.2.tgz. Extracting by manifest.
278 silly tarball no local data for jquery@https://registry.npmjs.org/jquery/-/jquery-3.7.1.tgz. Extracting by manifest.
279 silly tarball no local data for mime-db@https://registry.npmjs.org/mime-db/-/mime-db-1.52.0.tgz. Extracting by manifest.
280 silly tarball no local data for negotiator@https://registry.npmjs.org/negotiator/-/negotiator-0.6.3.tgz. Extracting by manifest.
281 silly tarball no local data for mime-types@https://registry.npmjs.org/mime-types/-/mime-types-2.1.35.tgz. Extracting by manifest.
282 silly tarball no local data for vary@https://registry.npmjs.org/vary/-/vary-1.1.2.tgz. Extracting by manifest.
283 silly tarball no local data for on-headers@https://registry.npmjs.org/on-headers/-/on-headers-1.0.2.tgz. Extracting by manifest.
284 silly tarball no local data for compressible@https://registry.npmjs.org/compressible/-/compressible-2.0.18.tgz. Extracting by manifest.
285 silly tarball no local data for bytes@https://registry.npmjs.org/bytes/-/bytes-3.0.0.tgz. Extracting by manifest.
286 silly tarball no local data for accepts@https://registry.npmjs.org/accepts/-/accepts-1.3.8.tgz. Extracting by manifest.
287 silly tarball no local data for socket.io@https://registry.npmjs.org/socket.io/-/socket.io-4.7.2.tgz. Extracting by manifest.
288 silly tarball no local data for serve-static@https://registry.npmjs.org/serve-static/-/serve-static-1.15.0.tgz. Extracting by manifest.
289 silly tarball no local data for gridstack@https://registry.npmjs.org/gridstack/-/gridstack-0.6.4.tgz. Extracting by manifest.
290 silly tarball no local data for compression@https://registry.npmjs.org/compression/-/compression-1.7.4.tgz. Extracting by manifest.
291 silly tarball no local data for node-red-dashboard@https://registry.npmjs.org/node-red-dashboard/-/node-red-dashboard-3.5.0.tgz. Extracting by manifest.
292 silly tarball no local data for ws@https://registry.npmjs.org/ws/-/ws-8.11.0.tgz. Extracting by manifest.
293 silly tarball no local data for ws@https://registry.npmjs.org/ws/-/ws-8.11.0.tgz. Extracting by manifest.
294 silly tarball no local data for ms@https://registry.npmjs.org/ms/-/ms-2.1.3.tgz. Extracting by manifest.
295 silly tarball no local data for debug@https://registry.npmjs.org/debug/-/debug-2.6.9.tgz. Extracting by manifest.
296 silly tarball no local data for ms@https://registry.npmjs.org/ms/-/ms-2.0.0.tgz. Extracting by manifest.
297 silly tarball no local data for ms@https://registry.npmjs.org/ms/-/ms-2.0.0.tgz. Extracting by manifest.
298 silly tarball no local data for debug@https://registry.npmjs.org/debug/-/debug-2.6.9.tgz. Extracting by manifest.
299 timing reifyNode:node_modules/compression/node_modules/safe-buffer Completed in 137ms
300 http fetch GET 200 https://registry.npmjs.org/toidentifier/-/toidentifier-1.0.1.tgz 286ms (cache miss)
301 timing reifyNode:node_modules/toidentifier Completed in 333ms
302 http fetch GET 200 https://registry.npmjs.org/object-assign/-/object-assign-4.1.1.tgz 296ms (cache miss)
303 timing reifyNode:node_modules/object-assign Completed in 334ms
304 http fetch GET 200 https://registry.npmjs.org/base64id/-/base64id-2.0.0.tgz 305ms (cache miss)
305 timing reifyNode:node_modules/base64id Completed in 347ms
306 http fetch GET 200 https://registry.npmjs.org/setprototypeof/-/setprototypeof-1.2.0.tgz 301ms (cache miss)
307 timing reifyNode:node_modules/setprototypeof Completed in 348ms
308 http fetch GET 200 https://registry.npmjs.org/cors/-/cors-2.8.5.tgz 309ms (cache miss)
309 timing reifyNode:node_modules/cors Completed in 349ms
310 http fetch GET 200 https://registry.npmjs.org/cookie/-/cookie-0.4.2.tgz 330ms (cache miss)
311 timing reifyNode:node_modules/cookie Completed in 365ms
312 http fetch GET 200 https://registry.npmjs.org/statuses/-/statuses-2.0.1.tgz 316ms (cache miss)
313 timing reifyNode:node_modules/statuses Completed in 364ms
314 http fetch GET 200 https://registry.npmjs.org/ee-first/-/ee-first-1.1.1.tgz 321ms (cache miss)
315 timing reifyNode:node_modules/ee-first Completed in 366ms
316 http fetch GET 200 https://registry.npmjs.org/@types/cors/-/cors-2.8.13.tgz 332ms (cache miss)
317 timing reifyNode:node_modules/@types/cors Completed in 367ms
318 http fetch GET 200 https://registry.npmjs.org/@socket.io/component-emitter/-/component-emitter-3.1.0.tgz 396ms (cache miss)
319 timing reifyNode:node_modules/@socket.io/component-emitter Completed in 428ms
320 http fetch GET 200 https://registry.npmjs.org/range-parser/-/range-parser-1.2.1.tgz 378ms (cache miss)
321 timing reifyNode:node_modules/range-parser Completed in 428ms
322 http fetch GET 200 https://registry.npmjs.org/destroy/-/destroy-1.2.0.tgz 379ms (cache miss)
323 timing reifyNode:node_modules/destroy Completed in 439ms
324 http fetch GET 200 https://registry.npmjs.org/on-finished/-/on-finished-2.4.1.tgz 396ms (cache miss)
325 timing reifyNode:node_modules/on-finished Completed in 450ms
326 http fetch GET 200 https://registry.npmjs.org/http-errors/-/http-errors-2.0.0.tgz 395ms (cache miss)
327 timing reifyNode:node_modules/http-errors Completed in 451ms
328 http fetch GET 200 https://registry.npmjs.org/send/-/send-0.18.0.tgz 389ms (cache miss)
329 timing reifyNode:node_modules/send Completed in 452ms
330 http fetch GET 200 https://registry.npmjs.org/escape-html/-/escape-html-1.0.3.tgz 393ms (cache miss)
331 timing reifyNode:node_modules/escape-html Completed in 456ms
332 http fetch GET 200 https://registry.npmjs.org/etag/-/etag-1.8.1.tgz 399ms (cache miss)
333 timing reifyNode:node_modules/etag Completed in 458ms
334 http fetch GET 200 https://registry.npmjs.org/parseurl/-/parseurl-1.3.3.tgz 402ms (cache miss)
335 timing reifyNode:node_modules/parseurl Completed in 465ms
336 http fetch GET 200 https://registry.npmjs.org/fresh/-/fresh-0.5.2.tgz 416ms (cache miss)
337 timing reifyNode:node_modules/fresh Completed in 474ms
338 http fetch GET 200 https://registry.npmjs.org/encodeurl/-/encodeurl-1.0.2.tgz 412ms (cache miss)
339 timing reifyNode:node_modules/encodeurl Completed in 476ms
340 http fetch GET 200 https://registry.npmjs.org/mime-types/-/mime-types-2.1.35.tgz 409ms (cache miss)
341 timing reifyNode:node_modules/mime-types Completed in 478ms
342 http fetch GET 200 https://registry.npmjs.org/compressible/-/compressible-2.0.18.tgz 412ms (cache miss)
343 timing reifyNode:node_modules/compressible Completed in 488ms
344 http fetch GET 200 https://registry.npmjs.org/vary/-/vary-1.1.2.tgz 421ms (cache miss)
345 timing reifyNode:node_modules/vary Completed in 489ms
346 http fetch GET 200 https://registry.npmjs.org/socket.io-adapter/-/socket.io-adapter-2.5.2.tgz 454ms (cache miss)
347 timing reifyNode:node_modules/socket.io-adapter Completed in 493ms
348 http fetch GET 200 https://registry.npmjs.org/negotiator/-/negotiator-0.6.3.tgz 430ms (cache miss)
349 timing reifyNode:node_modules/negotiator Completed in 496ms
350 http fetch GET 200 https://registry.npmjs.org/bytes/-/bytes-3.0.0.tgz 421ms (cache miss)
351 timing reifyNode:node_modules/bytes Completed in 497ms
352 http fetch GET 200 https://registry.npmjs.org/depd/-/depd-2.0.0.tgz 437ms (cache miss)
353 timing reifyNode:node_modules/depd Completed in 498ms
354 http fetch GET 200 https://registry.npmjs.org/on-headers/-/on-headers-1.0.2.tgz 435ms (cache miss)
355 timing reifyNode:node_modules/on-headers Completed in 508ms
356 http fetch GET 200 https://registry.npmjs.org/serve-static/-/serve-static-1.15.0.tgz 433ms (cache miss)
357 timing reifyNode:node_modules/serve-static Completed in 512ms
358 http fetch GET 200 https://registry.npmjs.org/accepts/-/accepts-1.3.8.tgz 435ms (cache miss)
359 timing reifyNode:node_modules/accepts Completed in 512ms
360 http fetch GET 200 https://registry.npmjs.org/compression/-/compression-1.7.4.tgz 433ms (cache miss)
361 timing reifyNode:node_modules/compression Completed in 514ms
362 http fetch GET 200 https://registry.npmjs.org/ms/-/ms-2.0.0.tgz 418ms (cache miss)
363 timing reifyNode:node_modules/send/node_modules/debug/node_modules/ms Completed in 515ms
364 http fetch GET 200 https://registry.npmjs.org/ms/-/ms-2.1.3.tgz 424ms (cache miss)
365 timing reifyNode:node_modules/send/node_modules/ms Completed in 519ms
366 http fetch GET 200 https://registry.npmjs.org/ms/-/ms-2.0.0.tgz 424ms (cache miss)
367 timing reifyNode:node_modules/compression/node_modules/ms Completed in 521ms
368 http fetch GET 200 https://registry.npmjs.org/socket.io-parser/-/socket.io-parser-4.2.4.tgz 484ms (cache miss)
369 http fetch GET 200 https://registry.npmjs.org/mime-db/-/mime-db-1.52.0.tgz 465ms (cache miss)
370 timing reifyNode:node_modules/mime-db Completed in 531ms
371 timing reifyNode:node_modules/socket.io-parser Completed in 533ms
372 http fetch GET 200 https://registry.npmjs.org/debug/-/debug-2.6.9.tgz 443ms (cache miss)
373 http fetch GET 200 https://registry.npmjs.org/mime/-/mime-1.6.0.tgz 484ms (cache miss)
374 timing reifyNode:node_modules/mime Completed in 539ms
375 timing reifyNode:node_modules/send/node_modules/debug Completed in 543ms
376 http fetch GET 200 https://registry.npmjs.org/engine.io-parser/-/engine.io-parser-5.2.1.tgz 530ms (cache miss)
377 timing reifyNode:node_modules/engine.io-parser Completed in 567ms
378 http fetch GET 200 https://registry.npmjs.org/debug/-/debug-2.6.9.tgz 470ms (cache miss)
379 timing reifyNode:node_modules/compression/node_modules/debug Completed in 568ms
380 http fetch GET 200 https://registry.npmjs.org/ws/-/ws-8.11.0.tgz 482ms (cache miss)
381 timing reifyNode:node_modules/socket.io-adapter/node_modules/ws Completed in 573ms
382 http fetch GET 200 https://registry.npmjs.org/ws/-/ws-8.11.0.tgz 482ms (cache miss)
383 timing reifyNode:node_modules/engine.io/node_modules/ws Completed in 575ms
384 http fetch GET 200 https://registry.npmjs.org/engine.io/-/engine.io-6.5.2.tgz 538ms (cache miss)
385 timing reifyNode:node_modules/engine.io Completed in 579ms
386 http fetch GET 200 https://registry.npmjs.org/gridstack/-/gridstack-0.6.4.tgz 533ms (cache miss)
387 timing reifyNode:node_modules/gridstack Completed in 614ms
388 http fetch GET 200 https://registry.npmjs.org/socket.io/-/socket.io-4.7.2.tgz 556ms (cache miss)
389 timing reifyNode:node_modules/socket.io Completed in 636ms
390 http fetch GET 200 https://registry.npmjs.org/jquery/-/jquery-3.7.1.tgz 657ms (cache miss)
391 timing reifyNode:node_modules/jquery Completed in 723ms
392 http fetch GET 200 https://registry.npmjs.org/node-red-dashboard/-/node-red-dashboard-3.5.0.tgz 678ms (cache miss)
393 timing reifyNode:node_modules/node-red-dashboard Completed in 761ms
394 http fetch GET 200 https://registry.npmjs.org/@types/cookie/-/cookie-0.4.1.tgz 1016ms (cache miss)
395 timing reifyNode:node_modules/@types/cookie Completed in 1053ms
396 timing reify:unpack Completed in 1053ms
397 timing reify:unretire Completed in 0ms
398 timing build:queue Completed in 3ms
399 timing build:link:node_modules/mime Completed in 5ms
400 timing build:link Completed in 5ms
401 timing build:deps Completed in 9ms
402 timing build Completed in 10ms
403 timing reify:build Completed in 10ms
404 timing reify:trash Completed in 1ms
405 timing reify:save Completed in 102ms
406 timing reify Completed in 6086ms
407 silly ADD node_modules/@socket.io/component-emitter
408 silly ADD node_modules/engine.io-parser
409 silly ADD node_modules/cookie
410 silly ADD node_modules/@types/cors
411 silly ADD node_modules/@types/cookie
412 silly ADD node_modules/object-assign
413 silly ADD node_modules/socket.io-parser
414 silly ADD node_modules/socket.io-adapter
415 silly ADD node_modules/socket.io-adapter/node_modules/ws
416 silly ADD node_modules/engine.io
417 silly ADD node_modules/engine.io/node_modules/ws
418 silly ADD node_modules/cors
419 silly ADD node_modules/base64id
420 silly ADD node_modules/ee-first
421 silly ADD node_modules/toidentifier
422 silly ADD node_modules/setprototypeof
423 silly ADD node_modules/statuses
424 silly ADD node_modules/range-parser
425 silly ADD node_modules/on-finished
426 silly ADD node_modules/mime
427 silly ADD node_modules/http-errors
428 silly ADD node_modules/fresh
429 silly ADD node_modules/etag
430 silly ADD node_modules/destroy
431 silly ADD node_modules/depd
432 silly ADD node_modules/send
433 silly ADD node_modules/send/node_modules/ms
434 silly ADD node_modules/send/node_modules/debug
435 silly ADD node_modules/send/node_modules/debug/node_modules/ms
436 silly ADD node_modules/parseurl
437 silly ADD node_modules/escape-html
438 silly ADD node_modules/encodeurl
439 silly ADD node_modules/jquery
440 silly ADD node_modules/mime-db
441 silly ADD node_modules/negotiator
442 silly ADD node_modules/mime-types
443 silly ADD node_modules/vary
444 silly ADD node_modules/on-headers
445 silly ADD node_modules/compressible
446 silly ADD node_modules/bytes
447 silly ADD node_modules/accepts
448 silly ADD node_modules/socket.io
449 silly ADD node_modules/serve-static
450 silly ADD node_modules/gridstack
451 silly ADD node_modules/compression
452 silly ADD node_modules/compression/node_modules/ms
453 silly ADD node_modules/compression/node_modules/safe-buffer
454 silly ADD node_modules/compression/node_modules/debug
455 silly ADD node_modules/node-red-dashboard
456 silly ADD
457 timing command:install Completed in 6090ms
458 verbose exit 0
459 timing npm Completed in 6196ms
460 info ok
