0 verbose cli /usr/local/bin/node /usr/local/bin/npm
1 info using npm@8.19.4
2 info using node@v16.20.1
3 timing npm:load:whichnode Completed in 0ms
4 timing config:load:defaults Completed in 1ms
5 timing config:load:file:/usr/local/lib/node_modules/npm/npmrc Completed in 0ms
6 timing config:load:builtin Completed in 0ms
7 warn config production Use `--omit=dev` instead.
8 timing config:load:cli Completed in 3ms
9 timing config:load:env Completed in 0ms
10 timing config:load:file:/data/.npmrc Completed in 3ms
11 timing config:load:project Completed in 7ms
12 timing config:load:file:/root/.npmrc Completed in 0ms
13 timing config:load:user Completed in 0ms
14 timing config:load:file:/usr/local/etc/npmrc Completed in 1ms
15 timing config:load:global Completed in 1ms
16 timing config:load:validate Completed in 1ms
17 timing config:load:credentials Completed in 1ms
18 timing config:load:setEnvs Completed in 1ms
19 timing config:load Completed in 17ms
20 timing npm:load:configload Completed in 17ms
21 timing npm:load:mkdirpcache Completed in 1ms
22 timing npm:load:mkdirplogs Completed in 0ms
23 verbose title npm install node-red-contrib-ur-robot@1.0.4
24 verbose argv "install" "--no-audit" "--no-update-notifier" "--no-fund" "--save" "--save-prefix" "~" "--production" "--engine-strict" "node-red-contrib-ur-robot@1.0.4"
25 timing npm:load:setTitle Completed in 2ms
26 timing config:load:flatten Completed in 3ms
27 timing npm:load:display Completed in 4ms
28 verbose logfile logs-max:10 dir:/data/.npm/_logs
29 verbose logfile /data/.npm/_logs/2023-08-28T23_14_31_668Z-debug-0.log
30 timing npm:load:logFile Completed in 5ms
31 timing npm:load:timers Completed in 0ms
32 timing npm:load:configScope Completed in 0ms
33 timing npm:load Completed in 29ms
34 timing arborist:ctor Completed in 1ms
35 silly logfile start cleaning logs, removing 1 files
36 silly logfile done cleaning log files
37 timing idealTree:init Completed in 375ms
38 timing idealTree:userRequests Completed in 2ms
39 silly idealTree buildDeps
40 silly fetch manifest node-red-contrib-ur-robot@1.0.4
41 timing arborist:ctor Completed in 0ms
42 http fetch GET 200 https://registry.npmjs.org/node-red-contrib-ur-robot 1296ms (cache miss)
43 silly placeDep ROOT node-red-contrib-ur-robot@1.0.4 OK for: node-red-project@0.0.1 want: 1.0.4
44 silly fetch manifest ur-rtde@1.0.0
45 http fetch GET 200 https://registry.npmjs.org/ur-rtde 1044ms (cache miss)
46 timing idealTree:#root Completed in 2348ms
47 silly placeDep ROOT ur-rtde@1.0.0 OK for: node-red-contrib-ur-robot@1.0.4 want: 1.0.0
48 silly fetch manifest node-int64@0.4.0
49 http fetch GET 200 https://registry.npmjs.org/node-int64 67ms (cache miss)
50 timing idealTree:node_modules/node-red-contrib-ur-robot Completed in 70ms
51 silly placeDep ROOT node-int64@0.4.0 OK for: ur-rtde@1.0.0 want: 0.4.0
52 timing idealTree:node_modules/ur-rtde Completed in 2ms
53 timing idealTree:node_modules/node-int64 Completed in 0ms
54 timing idealTree:buildDeps Completed in 2422ms
55 timing idealTree:fixDepFlags Completed in 16ms
56 timing idealTree Completed in 2829ms
57 timing reify:loadTrees Completed in 2829ms
58 timing reify:diffTrees Completed in 9ms
59 silly reify moves {}
60 timing reify:retireShallow Completed in 1ms
61 timing reify:createSparse Completed in 4ms
62 timing reify:trashOmits Completed in 1ms
63 timing reify:loadBundles Completed in 0ms
64 verbose reify failed optional dependency /data/node_modules/fsevents
65 silly reify mark deleted [ '/data/node_modules/fsevents' ]
66 timing reifyNode:node_modules/fsevents Completed in 5ms
67 silly tarball no local data for node-int64@https://registry.npmjs.org/node-int64/-/node-int64-0.4.0.tgz. Extracting by manifest.
68 silly tarball no local data for ur-rtde@https://registry.npmjs.org/ur-rtde/-/ur-rtde-1.0.0.tgz. Extracting by manifest.
69 silly tarball no local data for node-red-contrib-ur-robot@https://registry.npmjs.org/node-red-contrib-ur-robot/-/node-red-contrib-ur-robot-1.0.4.tgz. Extracting by manifest.
70 http fetch GET 200 https://registry.npmjs.org/node-int64/-/node-int64-0.4.0.tgz 76ms (cache miss)
71 timing reifyNode:node_modules/node-int64 Completed in 85ms
72 http fetch GET 200 https://registry.npmjs.org/ur-rtde/-/ur-rtde-1.0.0.tgz 1022ms (cache miss)
73 timing reifyNode:node_modules/ur-rtde Completed in 1033ms
74 http fetch GET 200 https://registry.npmjs.org/node-red-contrib-ur-robot/-/node-red-contrib-ur-robot-1.0.4.tgz 1031ms (cache miss)
75 timing reifyNode:node_modules/node-red-contrib-ur-robot Completed in 1043ms
76 timing reify:unpack Completed in 1044ms
77 timing reify:unretire Completed in 0ms
78 timing build:queue Completed in 1ms
79 timing build:deps Completed in 2ms
80 timing build Completed in 2ms
81 timing reify:build Completed in 2ms
82 timing reify:trash Completed in 2ms
83 timing reify:save Completed in 117ms
84 timing reify Completed in 4080ms
85 silly ADD node_modules/node-int64
86 silly ADD node_modules/ur-rtde
87 silly ADD node_modules/node-red-contrib-ur-robot
88 silly ADD
89 timing command:install Completed in 4085ms
90 verbose exit 0
91 timing npm Completed in 4210ms
92 info ok
