0 verbose cli /usr/local/bin/node /usr/local/bin/npm
1 info using npm@8.19.4
2 info using node@v16.20.1
3 timing npm:load:whichnode Completed in 1ms
4 timing config:load:defaults Completed in 1ms
5 timing config:load:file:/usr/local/lib/node_modules/npm/npmrc Completed in 0ms
6 timing config:load:builtin Completed in 1ms
7 warn config production Use `--omit=dev` instead.
8 timing config:load:cli Completed in 2ms
9 timing config:load:env Completed in 0ms
10 timing config:load:file:/data/.npmrc Completed in 1ms
11 timing config:load:project Completed in 2ms
12 timing config:load:file:/root/.npmrc Completed in 1ms
13 timing config:load:user Completed in 2ms
14 timing config:load:file:/usr/local/etc/npmrc Completed in 4ms
15 timing config:load:global Completed in 4ms
16 timing config:load:validate Completed in 1ms
17 timing config:load:credentials Completed in 0ms
18 timing config:load:setEnvs Completed in 1ms
19 timing config:load Completed in 14ms
20 timing npm:load:configload Completed in 14ms
21 timing npm:load:mkdirpcache Completed in 1ms
22 timing npm:load:mkdirplogs Completed in 1ms
23 verbose title npm install node-red-contrib-moment@5.0.0
24 verbose argv "install" "--no-audit" "--no-update-notifier" "--no-fund" "--save" "--save-prefix" "~" "--production" "--engine-strict" "node-red-contrib-moment@5.0.0"
25 timing npm:load:setTitle Completed in 1ms
26 timing config:load:flatten Completed in 2ms
27 timing npm:load:display Completed in 4ms
28 verbose logfile logs-max:10 dir:/data/.npm/_logs
29 verbose logfile /data/.npm/_logs/2023-08-28T23_13_18_624Z-debug-0.log
30 timing npm:load:logFile Completed in 11ms
31 timing npm:load:timers Completed in 0ms
32 timing npm:load:configScope Completed in 0ms
33 timing npm:load Completed in 33ms
34 timing arborist:ctor Completed in 1ms
35 silly logfile done cleaning log files
36 timing idealTree:init Completed in 146ms
37 timing idealTree:userRequests Completed in 3ms
38 silly idealTree buildDeps
39 silly fetch manifest node-red-contrib-moment@5.0.0
40 timing arborist:ctor Completed in 0ms
41 http fetch GET 200 https://registry.npmjs.org/node-red-contrib-moment 1100ms (cache miss)
42 silly placeDep ROOT node-red-contrib-moment@5.0.0 OK for: node-red-project@0.0.1 want: 5.0.0
43 silly fetch manifest moment@^2.29.0
44 silly fetch manifest moment-parseformat@^4.0.0
45 silly fetch manifest moment-timezone@^0.5.31
46 silly fetch manifest os-locale-s@^1.0.8
47 http fetch GET 200 https://registry.npmjs.org/moment 87ms (cache miss)
48 http fetch GET 200 https://registry.npmjs.org/moment-timezone 159ms (cache miss)
49 http fetch GET 200 https://registry.npmjs.org/os-locale-s 1064ms (cache miss)
50 http fetch GET 200 https://registry.npmjs.org/moment-parseformat 1074ms (cache miss)
51 timing idealTree:#root Completed in 2183ms
52 silly placeDep ROOT moment@2.29.4 OK for: node-red-contrib-moment@5.0.0 want: ^2.29.0
53 silly placeDep ROOT moment-parseformat@4.0.0 OK for: node-red-contrib-moment@5.0.0 want: ^4.0.0
54 silly placeDep ROOT moment-timezone@0.5.43 OK for: node-red-contrib-moment@5.0.0 want: ^0.5.31
55 silly placeDep ROOT os-locale-s@1.0.8 OK for: node-red-contrib-moment@5.0.0 want: ^1.0.8
56 silly fetch manifest lcid@^3.0.0
57 http fetch GET 200 https://registry.npmjs.org/lcid 68ms (cache miss)
58 timing idealTree:node_modules/node-red-contrib-moment Completed in 73ms
59 timing idealTree:node_modules/moment Completed in 0ms
60 timing idealTree:node_modules/moment-parseformat Completed in 0ms
61 timing idealTree:node_modules/moment-timezone Completed in 0ms
62 silly placeDep ROOT lcid@3.1.1 OK for: os-locale-s@1.0.8 want: ^3.0.0
63 silly fetch manifest invert-kv@^3.0.0
64 http fetch GET 200 https://registry.npmjs.org/invert-kv 72ms (cache miss)
65 timing idealTree:node_modules/os-locale-s Completed in 74ms
66 silly placeDep ROOT invert-kv@3.0.1 OK for: lcid@3.1.1 want: ^3.0.0
67 timing idealTree:node_modules/lcid Completed in 1ms
68 timing idealTree:node_modules/invert-kv Completed in 0ms
69 timing idealTree:buildDeps Completed in 2333ms
70 timing idealTree:fixDepFlags Completed in 2ms
71 timing idealTree Completed in 2486ms
72 timing reify:loadTrees Completed in 2486ms
73 timing reify:diffTrees Completed in 3ms
74 silly reify moves {}
75 timing reify:retireShallow Completed in 1ms
76 timing reify:createSparse Completed in 11ms
77 timing reify:trashOmits Completed in 1ms
78 timing reify:loadBundles Completed in 0ms
79 silly tarball no local data for invert-kv@https://registry.npmjs.org/invert-kv/-/invert-kv-3.0.1.tgz. Extracting by manifest.
80 silly tarball no local data for lcid@https://registry.npmjs.org/lcid/-/lcid-3.1.1.tgz. Extracting by manifest.
81 silly tarball no local data for os-locale-s@https://registry.npmjs.org/os-locale-s/-/os-locale-s-1.0.8.tgz. Extracting by manifest.
82 silly tarball no local data for moment-timezone@https://registry.npmjs.org/moment-timezone/-/moment-timezone-0.5.43.tgz. Extracting by manifest.
83 silly tarball no local data for moment-parseformat@https://registry.npmjs.org/moment-parseformat/-/moment-parseformat-4.0.0.tgz. Extracting by manifest.
84 silly tarball no local data for moment@https://registry.npmjs.org/moment/-/moment-2.29.4.tgz. Extracting by manifest.
85 silly tarball no local data for node-red-contrib-moment@https://registry.npmjs.org/node-red-contrib-moment/-/node-red-contrib-moment-5.0.0.tgz. Extracting by manifest.
86 http fetch GET 200 https://registry.npmjs.org/os-locale-s/-/os-locale-s-1.0.8.tgz 87ms (cache miss)
87 timing reifyNode:node_modules/os-locale-s Completed in 95ms
88 http fetch GET 200 https://registry.npmjs.org/invert-kv/-/invert-kv-3.0.1.tgz 92ms (cache miss)
89 timing reifyNode:node_modules/invert-kv Completed in 98ms
90 http fetch GET 200 https://registry.npmjs.org/lcid/-/lcid-3.1.1.tgz 112ms (cache miss)
91 timing reifyNode:node_modules/lcid Completed in 119ms
92 http fetch GET 200 https://registry.npmjs.org/moment-parseformat/-/moment-parseformat-4.0.0.tgz 210ms (cache miss)
93 timing reifyNode:node_modules/moment-parseformat Completed in 219ms
94 http fetch GET 200 https://registry.npmjs.org/moment-timezone/-/moment-timezone-0.5.43.tgz 286ms (cache miss)
95 timing reifyNode:node_modules/moment-timezone Completed in 295ms
96 http fetch GET 200 https://registry.npmjs.org/moment/-/moment-2.29.4.tgz 457ms (cache miss)
97 timing reifyNode:node_modules/moment Completed in 468ms
98 http fetch GET 200 https://registry.npmjs.org/node-red-contrib-moment/-/node-red-contrib-moment-5.0.0.tgz 1933ms (cache miss)
99 timing reifyNode:node_modules/node-red-contrib-moment Completed in 1943ms
100 timing reify:unpack Completed in 1944ms
101 timing reify:unretire Completed in 0ms
102 timing build:queue Completed in 1ms
103 timing build:deps Completed in 2ms
104 timing build Completed in 2ms
105 timing reify:build Completed in 2ms
106 timing reify:trash Completed in 0ms
107 timing reify:save Completed in 38ms
108 timing reify Completed in 4508ms
109 silly ADD node_modules/invert-kv
110 silly ADD node_modules/lcid
111 silly ADD node_modules/os-locale-s
112 silly ADD node_modules/moment-timezone
113 silly ADD node_modules/moment-parseformat
114 silly ADD node_modules/moment
115 silly ADD node_modules/node-red-contrib-moment
116 timing command:install Completed in 4511ms
117 verbose exit 0
118 timing npm Completed in 4634ms
119 info ok
